<?xml version="1.0" encoding="UTF-8"?>
<!-- Generated by org.testng.reporters.JUnitReportReporter -->
<testsuite hostname="DESKTOP-EELC4JL" failures="0" tests="1" name="com.parentcomn.TestCases.TC_LoginTest" time="31.716" errors="0" timestamp="2024-04-02T17:18:08 IST" skipped="0">
  <testcase classname="com.parentcomn.TestCases.TC_LoginTest" name="loginTest" time="31.716"/>
  <system-out/>
</testsuite> <!-- com.parentcomn.TestCases.TC_LoginTest -->
